<?xml version="1.0" encoding="UTF-8"?>
<!-- Generated by org.testng.reporters.JUnitReportReporter -->
<testsuite hostname="DESKTOP-31AJMJQ" failures="0" tests="1" name="com.assignment.testCases.TC002_CustomerView" time="0.000" errors="0" timestamp="11 Aug 2021 16:56:58 GMT" skipped="0">
  <testcase classname="com.assignment.testCases.TC002_CustomerView" name="checkResposeBodyofCustomerView" time="0.000"/>
</testsuite> <!-- com.assignment.testCases.TC002_CustomerView -->
