<?xml version="1.0" encoding="UTF-8"?>
<!-- Generated by org.testng.reporters.JUnitReportReporter -->
<testsuite hostname="DESKTOP-31AJMJQ" failures="0" tests="1" name="com.assignment.testCases.TC001_ListofAllCustomers" time="0.009" errors="0" timestamp="11 Aug 2021 16:56:58 GMT" skipped="0">
  <testcase classname="com.assignment.testCases.TC001_ListofAllCustomers" name="checkResposeBodyofAllCustomers" time="0.009"/>
</testsuite> <!-- com.assignment.testCases.TC001_ListofAllCustomers -->
